2024-02-02 21:02:879 INFO  HomePage :37 - Selecting menu Free Games
2024-02-02 21:02:725 INFO  HomePage :37 - Selecting menu Online Slots
2024-02-02 21:02:883 INFO  HomePage :37 - Selecting menu Live Casino
2024-02-02 21:02:411 INFO  HomePage :37 - Selecting menu Casino
2024-02-02 21:02:630 INFO  HomePage :37 - Selecting menu Slingo
2024-02-02 21:02:101 INFO  HomePage :37 - Selecting menu Online Bingo
2024-02-02 21:02:784 INFO  HomePage :37 - Selecting menu Free Games
2024-02-02 21:02:919 INFO  HomePage :37 - Selecting menu Poker
2024-02-02 21:02:492 INFO  HomePage :37 - Selecting menu All Games
2024-02-02 21:02:507 INFO  HomePage :37 - Selecting menu Blog
2024-02-02 21:02:142 INFO  HomePage :37 - Selecting menu Online Slots
2024-02-02 21:02:293 INFO  HomePage :37 - Selecting menu Live Casino
2024-02-02 21:02:342 INFO  HomePage :37 - Selecting menu Casino
2024-02-02 21:02:494 INFO  HomePage :37 - Selecting menu Slingo
2024-02-02 21:02:131 INFO  HomePage :37 - Selecting menu Online Bingo
2024-02-02 21:02:07 INFO  HomePage :37 - Selecting menu Free Games
2024-02-02 21:02:758 INFO  HomePage :37 - Selecting menu Poker
2024-02-02 21:02:156 INFO  HomePage :37 - Selecting menu All Games
2024-02-02 21:02:761 INFO  HomePage :37 - Selecting menu Blog
2024-02-02 21:02:71 INFO  HomePage :37 - Selecting menu Online Slots
2024-02-02 21:02:186 INFO  HomePage :37 - Selecting menu Live Casino
2024-02-02 21:02:143 INFO  HomePage :37 - Selecting menu Casino
2024-02-02 21:02:232 INFO  HomePage :37 - Selecting menu Slingo
2024-02-02 21:02:545 INFO  HomePage :37 - Selecting menu Online Bingo
2024-02-02 21:02:217 INFO  HomePage :37 - Selecting menu Free Games
2024-02-02 21:02:90 INFO  HomePage :37 - Selecting menu Poker
2024-02-02 21:02:888 INFO  HomePage :37 - Selecting menu All Games
2024-02-02 21:02:808 INFO  HomePage :37 - Selecting menu Blog
2024-02-03 00:02:707 INFO  HomePage :37 - Selecting menu Online Slots
2024-02-03 00:02:709 INFO  HomePage :37 - Selecting menu Live Casino
2024-02-03 00:02:211 INFO  HomePage :37 - Selecting menu Casino
2024-02-03 00:02:470 INFO  HomePage :37 - Selecting menu Slingo
2024-02-03 00:02:246 INFO  HomePage :37 - Selecting menu Online Bingo
2024-02-03 00:02:74 INFO  HomePage :37 - Selecting menu Free Games
2024-02-03 00:02:853 INFO  HomePage :37 - Selecting menu Poker
2024-02-03 00:02:497 INFO  HomePage :37 - Selecting menu All Games
2024-02-03 00:02:196 INFO  HomePage :37 - Selecting menu Blog
2024-02-03 00:02:960 INFO  HomePage :37 - Selecting menu Online Slots
2024-02-03 00:02:640 INFO  HomePage :37 - Selecting menu Live Casino
2024-02-03 00:02:333 INFO  HomePage :37 - Selecting menu Casino
2024-02-03 00:02:234 INFO  HomePage :37 - Selecting menu Slingo
2024-02-03 00:02:740 INFO  HomePage :37 - Selecting menu Online Bingo
2024-02-03 00:02:474 INFO  HomePage :37 - Selecting menu Free Games
2024-02-03 00:02:447 INFO  HomePage :37 - Selecting menu Poker
2024-02-03 00:02:325 INFO  HomePage :37 - Selecting menu All Games
2024-02-03 00:02:249 INFO  HomePage :37 - Selecting menu Blog
2024-02-03 00:02:108 INFO  HomePage :37 - Selecting menu Online Slots
2024-02-03 00:02:741 INFO  HomePage :37 - Selecting menu Live Casino
2024-02-03 00:02:677 INFO  HomePage :37 - Selecting menu Casino
2024-02-03 00:02:618 INFO  HomePage :37 - Selecting menu Slingo
2024-02-03 00:02:608 INFO  HomePage :37 - Selecting menu Online Bingo
2024-02-03 00:02:171 INFO  HomePage :37 - Selecting menu Free Games
2024-02-03 00:02:988 INFO  HomePage :37 - Selecting menu Poker
2024-02-03 00:02:547 INFO  HomePage :37 - Selecting menu All Games
2024-02-03 00:02:233 INFO  HomePage :37 - Selecting menu Blog
